<?xml version="1.0" encoding="UTF-8"?>
<testsuite name="com.jts.springboot.web.dto.HelloResponseDtoTest" tests="1" skipped="0" failures="0" errors="0" timestamp="2021-05-26T06:23:44" hostname="stella-MacBookPro.local" time="0.042">
  <properties/>
  <testcase name="룸복_기능_테스트" classname="com.jts.springboot.web.dto.HelloResponseDtoTest" time="0.042"/>
  <system-out><![CDATA[]]></system-out>
  <system-err><![CDATA[]]></system-err>
</testsuite>
